c:\m2project_1.2\source\binary\vs_files\eterlib\debug\eterlib.pch
c:\m2project_1.2\source\binary\vs_files\eterlib\debug\eterlib.pdb
c:\m2project_1.2\source\binary\vs_files\eterlib\debug\stdafx.obj
c:\m2project_1.2\source\binary\vs_files\eterlib\debug\blocktexture.obj
c:\m2project_1.2\source\binary\vs_files\eterlib\debug\attributedata.obj
c:\m2project_1.2\source\binary\vs_files\eterlib\debug\grpdevice.obj
c:\m2project_1.2\source\binary\vs_files\eterlib\debug\grpmath.obj
c:\m2project_1.2\source\binary\vs_files\eterlib\debug\grpratioinstance.obj
c:\m2project_1.2\source\binary\vs_files\eterlib\debug\grpscreen.obj
c:\m2project_1.2\source\binary\vs_files\eterlib\debug\grpvertexbufferstatic.obj
c:\m2project_1.2\source\binary\vs_files\eterlib\debug\grpvertexshader.obj
c:\m2project_1.2\source\binary\vs_files\eterlib\debug\mswindow.obj
c:\m2project_1.2\source\binary\vs_files\eterlib\debug\parser.obj
c:\m2project_1.2\source\binary\vs_files\eterlib\debug\grpbase.obj
c:\m2project_1.2\source\binary\vs_files\eterlib\debug\jpegfile.obj
c:\m2project_1.2\source\binary\vs_files\eterlib\debug\netaddress.obj
c:\m2project_1.2\source\binary\vs_files\eterlib\debug\netdatagramreceiver.obj
c:\m2project_1.2\source\binary\vs_files\eterlib\debug\netstream.obj
c:\m2project_1.2\source\binary\vs_files\eterlib\debug\rendertargetmanager.obj
c:\m2project_1.2\source\binary\vs_files\eterlib\debug\decal.obj
c:\m2project_1.2\source\binary\vs_files\eterlib\debug\grpfonttexture.obj
c:\m2project_1.2\source\binary\vs_files\eterlib\debug\grptext.obj
c:\m2project_1.2\source\binary\vs_files\eterlib\debug\grpvertexbufferdynamic.obj
c:\m2project_1.2\source\binary\vs_files\eterlib\debug\ime.obj
c:\m2project_1.2\source\binary\vs_files\eterlib\debug\resource.obj
c:\m2project_1.2\source\binary\vs_files\eterlib\debug\fileloaderthread.obj
c:\m2project_1.2\source\binary\vs_files\eterlib\debug\colortransitionhelper.obj
c:\m2project_1.2\source\binary\vs_files\eterlib\debug\grpcollisionobject.obj
c:\m2project_1.2\source\binary\vs_files\eterlib\debug\grpcolor.obj
c:\m2project_1.2\source\binary\vs_files\eterlib\debug\grpd3dxbuffer.obj
c:\m2project_1.2\source\binary\vs_files\eterlib\debug\grplightmanager.obj
c:\m2project_1.2\source\binary\vs_files\eterlib\debug\lensflare.obj
c:\m2project_1.2\source\binary\vs_files\eterlib\debug\skybox.obj
c:\m2project_1.2\source\binary\vs_files\eterlib\debug\environmentmap.obj
c:\m2project_1.2\source\binary\vs_files\eterlib\debug\grpcolorinstance.obj
c:\m2project_1.2\source\binary\vs_files\eterlib\debug\grpdetector.obj
c:\m2project_1.2\source\binary\vs_files\eterlib\debug\grpmarkinstance.obj
c:\m2project_1.2\source\binary\vs_files\eterlib\debug\grpshadowtexture.obj
c:\m2project_1.2\source\binary\vs_files\eterlib\debug\grptexture.obj
c:\m2project_1.2\source\binary\vs_files\eterlib\debug\netdevice.obj
c:\m2project_1.2\source\binary\vs_files\eterlib\debug\referenceobject.obj
c:\m2project_1.2\source\binary\vs_files\eterlib\debug\rendertarget.obj
c:\m2project_1.2\source\binary\vs_files\eterlib\debug\camera.obj
c:\m2project_1.2\source\binary\vs_files\eterlib\debug\grpindexbuffer.obj
c:\m2project_1.2\source\binary\vs_files\eterlib\debug\grptextinstance.obj
c:\m2project_1.2\source\binary\vs_files\eterlib\debug\thread.obj
c:\m2project_1.2\source\binary\vs_files\eterlib\debug\lineintersect_utils.obj
c:\m2project_1.2\source\binary\vs_files\eterlib\debug\collisiondata.obj
c:\m2project_1.2\source\binary\vs_files\eterlib\debug\mutex.obj
c:\m2project_1.2\source\binary\vs_files\eterlib\debug\netdatagram.obj
c:\m2project_1.2\source\binary\vs_files\eterlib\debug\netdatagramsender.obj
c:\m2project_1.2\source\binary\vs_files\eterlib\debug\netpacketheadermap.obj
c:\m2project_1.2\source\binary\vs_files\eterlib\debug\screenfilter.obj
c:\m2project_1.2\source\binary\vs_files\eterlib\debug\textbar.obj
c:\m2project_1.2\source\binary\vs_files\eterlib\debug\attributeinstance.obj
c:\m2project_1.2\source\binary\vs_files\eterlib\debug\grpimage.obj
c:\m2project_1.2\source\binary\vs_files\eterlib\debug\grpimageinstance.obj
c:\m2project_1.2\source\binary\vs_files\eterlib\debug\grpobjectinstance.obj
c:\m2project_1.2\source\binary\vs_files\eterlib\debug\grpsubimage.obj
c:\m2project_1.2\source\binary\vs_files\eterlib\debug\statemanager.obj
c:\m2project_1.2\source\binary\vs_files\eterlib\debug\textfileloader.obj
c:\m2project_1.2\source\binary\vs_files\eterlib\debug\cullingmanager.obj
c:\m2project_1.2\source\binary\vs_files\eterlib\debug\grppixelshader.obj
c:\m2project_1.2\source\binary\vs_files\eterlib\debug\grprendertargettexture.obj
c:\m2project_1.2\source\binary\vs_files\eterlib\debug\input.obj
c:\m2project_1.2\source\binary\vs_files\eterlib\debug\msapplication.obj
c:\m2project_1.2\source\binary\vs_files\eterlib\debug\targaresource.obj
c:\m2project_1.2\source\binary\vs_files\eterlib\debug\texttag.obj
c:\m2project_1.2\source\binary\vs_files\eterlib\debug\util.obj
c:\m2project_1.2\source\binary\vs_files\eterlib\debug\dibbar.obj
c:\m2project_1.2\source\binary\vs_files\eterlib\debug\grpdib.obj
c:\m2project_1.2\source\binary\vs_files\eterlib\debug\grpexpandedimageinstance.obj
c:\m2project_1.2\source\binary\vs_files\eterlib\debug\grpimagetexture.obj
c:\m2project_1.2\source\binary\vs_files\eterlib\debug\grpvertexbuffer.obj
c:\m2project_1.2\source\binary\vs_files\eterlib\debug\pathstack.obj
c:\m2project_1.2\source\binary\vs_files\eterlib\debug\resourcemanager.obj
c:\m2project_1.2\source\binary\vs_files\eterlib\debug\eterlib.lib
c:\m2project_1.2\source\binary\vs_files\eterlib\debug\eterlib.tlog\cl.command.1.tlog
c:\m2project_1.2\source\binary\vs_files\eterlib\debug\eterlib.tlog\cl.items.tlog
c:\m2project_1.2\source\binary\vs_files\eterlib\debug\eterlib.tlog\cl.read.1.tlog
c:\m2project_1.2\source\binary\vs_files\eterlib\debug\eterlib.tlog\cl.write.1.tlog
c:\m2project_1.2\source\binary\vs_files\eterlib\debug\eterlib.tlog\lib-link.read.1.tlog
c:\m2project_1.2\source\binary\vs_files\eterlib\debug\eterlib.tlog\lib-link.write.1.tlog
c:\m2project_1.2\source\binary\vs_files\eterlib\debug\eterlib.tlog\lib.command.1.tlog
