c:\m2project_1.2\source\binary\vs_files\effectlib\debug\effectlib.pch
c:\m2project_1.2\source\binary\vs_files\effectlib\debug\effectlib.pdb
c:\m2project_1.2\source\binary\vs_files\effectlib\debug\stdafx.obj
c:\m2project_1.2\source\binary\vs_files\effectlib\debug\effectdata.obj
c:\m2project_1.2\source\binary\vs_files\effectlib\debug\effectmesh.obj
c:\m2project_1.2\source\binary\vs_files\effectlib\debug\effectelementbaseinstance.obj
c:\m2project_1.2\source\binary\vs_files\effectlib\debug\particlesysteminstance.obj
c:\m2project_1.2\source\binary\vs_files\effectlib\debug\emitterproperty.obj
c:\m2project_1.2\source\binary\vs_files\effectlib\debug\type.obj
c:\m2project_1.2\source\binary\vs_files\effectlib\debug\effectmeshinstance.obj
c:\m2project_1.2\source\binary\vs_files\effectlib\debug\effectupdatedecorator.obj
c:\m2project_1.2\source\binary\vs_files\effectlib\debug\effectmanager.obj
c:\m2project_1.2\source\binary\vs_files\effectlib\debug\framecontroller.obj
c:\m2project_1.2\source\binary\vs_files\effectlib\debug\simplelightdata.obj
c:\m2project_1.2\source\binary\vs_files\effectlib\debug\simplelightinstance.obj
c:\m2project_1.2\source\binary\vs_files\effectlib\debug\effectinstance.obj
c:\m2project_1.2\source\binary\vs_files\effectlib\debug\particleproperty.obj
c:\m2project_1.2\source\binary\vs_files\effectlib\debug\effectelementbase.obj
c:\m2project_1.2\source\binary\vs_files\effectlib\debug\particlesystemdata.obj
c:\m2project_1.2\source\binary\vs_files\effectlib\debug\particleinstance.obj
c:\m2project_1.2\source\binary\vs_files\effectlib\debug\effectlib.lib
c:\m2project_1.2\source\binary\vs_files\effectlib\debug\effectlib.tlog\cl.command.1.tlog
c:\m2project_1.2\source\binary\vs_files\effectlib\debug\effectlib.tlog\cl.items.tlog
c:\m2project_1.2\source\binary\vs_files\effectlib\debug\effectlib.tlog\cl.read.1.tlog
c:\m2project_1.2\source\binary\vs_files\effectlib\debug\effectlib.tlog\cl.write.1.tlog
c:\m2project_1.2\source\binary\vs_files\effectlib\debug\effectlib.tlog\lib-link.read.1.tlog
c:\m2project_1.2\source\binary\vs_files\effectlib\debug\effectlib.tlog\lib-link.write.1.tlog
c:\m2project_1.2\source\binary\vs_files\effectlib\debug\effectlib.tlog\lib.command.1.tlog
