c:\m2project_1.2\source\binary\vs_files\eterbase\debug\eterbase.pch
c:\m2project_1.2\source\binary\vs_files\eterbase\debug\eterbase.pdb
c:\m2project_1.2\source\binary\vs_files\eterbase\debug\stdafx.obj
c:\m2project_1.2\source\binary\vs_files\eterbase\debug\random.obj
c:\m2project_1.2\source\binary\vs_files\eterbase\debug\debug.obj
c:\m2project_1.2\source\binary\vs_files\eterbase\debug\tempfile.obj
c:\m2project_1.2\source\binary\vs_files\eterbase\debug\utils.obj
c:\m2project_1.2\source\binary\vs_files\eterbase\debug\mappedfile.obj
c:\m2project_1.2\source\binary\vs_files\eterbase\debug\filebase.obj
c:\m2project_1.2\source\binary\vs_files\eterbase\debug\timer.obj
c:\m2project_1.2\source\binary\vs_files\eterbase\debug\tea.obj
c:\m2project_1.2\source\binary\vs_files\eterbase\debug\poly.obj
c:\m2project_1.2\source\binary\vs_files\eterbase\debug\crc32.obj
c:\m2project_1.2\source\binary\vs_files\eterbase\debug\stl.obj
c:\m2project_1.2\source\binary\vs_files\eterbase\debug\fileloader.obj
c:\m2project_1.2\source\binary\vs_files\eterbase\debug\symbol.obj
c:\m2project_1.2\source\binary\vs_files\eterbase\debug\cpostit.obj
c:\m2project_1.2\source\binary\vs_files\eterbase\debug\error.obj
c:\m2project_1.2\source\binary\vs_files\eterbase\debug\symtable.obj
c:\m2project_1.2\source\binary\vs_files\eterbase\debug\filedir.obj
c:\m2project_1.2\source\binary\vs_files\eterbase\debug\lzo.obj
c:\m2project_1.2\source\binary\vs_files\eterbase\debug\base.obj
c:\m2project_1.2\source\binary\vs_files\eterbase\debug\eterbase.lib
c:\m2project_1.2\source\binary\vs_files\eterbase\debug\eterbase.tlog\cl.command.1.tlog
c:\m2project_1.2\source\binary\vs_files\eterbase\debug\eterbase.tlog\cl.items.tlog
c:\m2project_1.2\source\binary\vs_files\eterbase\debug\eterbase.tlog\cl.read.1.tlog
c:\m2project_1.2\source\binary\vs_files\eterbase\debug\eterbase.tlog\cl.write.1.tlog
c:\m2project_1.2\source\binary\vs_files\eterbase\debug\eterbase.tlog\lib-link.read.1.tlog
c:\m2project_1.2\source\binary\vs_files\eterbase\debug\eterbase.tlog\lib-link.write.1.tlog
c:\m2project_1.2\source\binary\vs_files\eterbase\debug\eterbase.tlog\lib.command.1.tlog
