c:\m2project_1.2\source\binary\vs_files\eterpythonlib\debug\eterpythonlib.pch
c:\m2project_1.2\source\binary\vs_files\eterpythonlib\debug\eterpythonlib.pdb
c:\m2project_1.2\source\binary\vs_files\eterpythonlib\debug\stdafx.obj
c:\m2project_1.2\source\binary\vs_files\eterpythonlib\debug\pythonslotwindow.obj
c:\m2project_1.2\source\binary\vs_files\eterpythonlib\debug\pythonwindow.obj
c:\m2project_1.2\source\binary\vs_files\eterpythonlib\debug\pythongraphic.obj
c:\m2project_1.2\source\binary\vs_files\eterpythonlib\debug\pythongridslotwindow.obj
c:\m2project_1.2\source\binary\vs_files\eterpythonlib\debug\pythongraphicmodule.obj
c:\m2project_1.2\source\binary\vs_files\eterpythonlib\debug\pythonwindowmanagermodule.obj
c:\m2project_1.2\source\binary\vs_files\eterpythonlib\debug\pythongraphicthingmodule.obj
c:\m2project_1.2\source\binary\vs_files\eterpythonlib\debug\pythongraphictextmodule.obj
c:\m2project_1.2\source\binary\vs_files\eterpythonlib\debug\pythonwindowmanager.obj
c:\m2project_1.2\source\binary\vs_files\eterpythonlib\debug\pythongraphicimagemodule.obj
c:\m2project_1.2\source\binary\vs_files\eterpythonlib\debug\eterpythonlib.lib
c:\m2project_1.2\source\binary\vs_files\eterpythonlib\debug\eterpythonlib.tlog\cl.command.1.tlog
c:\m2project_1.2\source\binary\vs_files\eterpythonlib\debug\eterpythonlib.tlog\cl.items.tlog
c:\m2project_1.2\source\binary\vs_files\eterpythonlib\debug\eterpythonlib.tlog\cl.read.1.tlog
c:\m2project_1.2\source\binary\vs_files\eterpythonlib\debug\eterpythonlib.tlog\cl.write.1.tlog
c:\m2project_1.2\source\binary\vs_files\eterpythonlib\debug\eterpythonlib.tlog\lib-link.read.1.tlog
c:\m2project_1.2\source\binary\vs_files\eterpythonlib\debug\eterpythonlib.tlog\lib-link.write.1.tlog
c:\m2project_1.2\source\binary\vs_files\eterpythonlib\debug\eterpythonlib.tlog\lib.command.1.tlog
