c:\m2project_1.2\source\binary\vs_files\etergrnlib\debug\etergrnlib.pch
c:\m2project_1.2\source\binary\vs_files\etergrnlib\debug\etergrnlib.pdb
c:\m2project_1.2\source\binary\vs_files\etergrnlib\debug\stdafx.obj
c:\m2project_1.2\source\binary\vs_files\etergrnlib\debug\material.obj
c:\m2project_1.2\source\binary\vs_files\etergrnlib\debug\lodcontroller.obj
c:\m2project_1.2\source\binary\vs_files\etergrnlib\debug\util.obj
c:\m2project_1.2\source\binary\vs_files\etergrnlib\debug\modelinstanceupdate.obj
c:\m2project_1.2\source\binary\vs_files\etergrnlib\debug\modelinstancemodel.obj
c:\m2project_1.2\source\binary\vs_files\etergrnlib\debug\modelinstancemotion.obj
c:\m2project_1.2\source\binary\vs_files\etergrnlib\debug\motion.obj
c:\m2project_1.2\source\binary\vs_files\etergrnlib\debug\thinginstance.obj
c:\m2project_1.2\source\binary\vs_files\etergrnlib\debug\modelinstancerender.obj
c:\m2project_1.2\source\binary\vs_files\etergrnlib\debug\mesh.obj
c:\m2project_1.2\source\binary\vs_files\etergrnlib\debug\thing.obj
c:\m2project_1.2\source\binary\vs_files\etergrnlib\debug\model.obj
c:\m2project_1.2\source\binary\vs_files\etergrnlib\debug\modelinstancecollisiondetection.obj
c:\m2project_1.2\source\binary\vs_files\etergrnlib\debug\modelinstance.obj
c:\m2project_1.2\source\binary\vs_files\etergrnlib\debug\etergrnlib.lib
c:\m2project_1.2\source\binary\vs_files\etergrnlib\debug\etergrnlib.tlog\cl.command.1.tlog
c:\m2project_1.2\source\binary\vs_files\etergrnlib\debug\etergrnlib.tlog\cl.items.tlog
c:\m2project_1.2\source\binary\vs_files\etergrnlib\debug\etergrnlib.tlog\cl.read.1.tlog
c:\m2project_1.2\source\binary\vs_files\etergrnlib\debug\etergrnlib.tlog\cl.write.1.tlog
c:\m2project_1.2\source\binary\vs_files\etergrnlib\debug\etergrnlib.tlog\lib-link.read.1.tlog
c:\m2project_1.2\source\binary\vs_files\etergrnlib\debug\etergrnlib.tlog\lib-link.write.1.tlog
c:\m2project_1.2\source\binary\vs_files\etergrnlib\debug\etergrnlib.tlog\lib.command.1.tlog
