c:\m2project_1.2\source\binary\binary\metin2debug.bsc
c:\m2project_1.2\source\binary\vs_files\userinterface\debug\vc143.pdb
c:\m2project_1.2\source\binary\vs_files\userinterface\debug\minini.sbr
c:\m2project_1.2\source\binary\vs_files\userinterface\debug\minini.obj
c:\m2project_1.2\source\binary\vs_files\userinterface\debug\metin2debug.pch
c:\m2project_1.2\source\binary\vs_files\userinterface\debug\stdafx.sbr
c:\m2project_1.2\source\binary\vs_files\userinterface\debug\stdafx.obj
c:\m2project_1.2\source\binary\vs_files\userinterface\debug\guildmarkdownloader.sbr
c:\m2project_1.2\source\binary\vs_files\userinterface\debug\guildmarkdownloader.obj
c:\m2project_1.2\source\binary\vs_files\userinterface\debug\pythonapplication.sbr
c:\m2project_1.2\source\binary\vs_files\userinterface\debug\pythonapplication.obj
c:\m2project_1.2\source\binary\vs_files\userinterface\debug\pythoncharactermanagermodule.sbr
c:\m2project_1.2\source\binary\vs_files\userinterface\debug\pythoncharactermanagermodule.obj
c:\m2project_1.2\source\binary\vs_files\userinterface\debug\pythonexchange.sbr
c:\m2project_1.2\source\binary\vs_files\userinterface\debug\pythonexchange.obj
c:\m2project_1.2\source\binary\vs_files\userinterface\debug\pythonitemmodule.sbr
c:\m2project_1.2\source\binary\vs_files\userinterface\debug\pythonnetworkstreamphasegame.sbr
c:\m2project_1.2\source\binary\vs_files\userinterface\debug\pythonnetworkstreamphasegame.obj
c:\m2project_1.2\source\binary\vs_files\userinterface\debug\pythonprivateshopsearch.sbr
c:\m2project_1.2\source\binary\vs_files\userinterface\debug\pythonprivateshopsearch.obj
c:\m2project_1.2\source\binary\vs_files\userinterface\debug\pythonswitchbot.sbr
c:\m2project_1.2\source\binary\vs_files\userinterface\debug\pythonswitchbot.obj
c:\m2project_1.2\source\binary\vs_files\userinterface\debug\userinterface.sbr
c:\m2project_1.2\source\binary\vs_files\userinterface\debug\userinterface.obj
c:\m2project_1.2\source\binary\vs_files\userinterface\debug\guildmarkuploader.sbr
c:\m2project_1.2\source\binary\vs_files\userinterface\debug\guildmarkuploader.obj
c:\m2project_1.2\source\binary\vs_files\userinterface\debug\insultchecker.sbr
c:\m2project_1.2\source\binary\vs_files\userinterface\debug\insultchecker.obj
c:\m2project_1.2\source\binary\vs_files\userinterface\debug\pythonapplicationcursor.sbr
c:\m2project_1.2\source\binary\vs_files\userinterface\debug\pythonapplicationcursor.obj
c:\m2project_1.2\source\binary\vs_files\userinterface\debug\pythonconfigmodule.sbr
c:\m2project_1.2\source\binary\vs_files\userinterface\debug\pythonconfigmodule.obj
c:\m2project_1.2\source\binary\vs_files\userinterface\debug\pythonnetworkdatagram.sbr
c:\m2project_1.2\source\binary\vs_files\userinterface\debug\pythonnetworkdatagram.obj
c:\m2project_1.2\source\binary\vs_files\userinterface\debug\pythonnetworkstreamphasehandshake.sbr
c:\m2project_1.2\source\binary\vs_files\userinterface\debug\pythonnetworkstreamphasehandshake.obj
c:\m2project_1.2\source\binary\vs_files\userinterface\debug\pythonprofilermodule.sbr
c:\m2project_1.2\source\binary\vs_files\userinterface\debug\pythonprofilermodule.obj
c:\m2project_1.2\source\binary\vs_files\userinterface\debug\pythonsoundmanagermodule.sbr
c:\m2project_1.2\source\binary\vs_files\userinterface\debug\pythonsoundmanagermodule.obj
c:\m2project_1.2\source\binary\vs_files\userinterface\debug\accountconnector.sbr
c:\m2project_1.2\source\binary\vs_files\userinterface\debug\accountconnector.obj
c:\m2project_1.2\source\binary\vs_files\userinterface\debug\markimage.sbr
c:\m2project_1.2\source\binary\vs_files\userinterface\debug\markimage.obj
c:\m2project_1.2\source\binary\vs_files\userinterface\debug\pythonapplicationevent.sbr
c:\m2project_1.2\source\binary\vs_files\userinterface\debug\pythonapplicationevent.obj
c:\m2project_1.2\source\binary\vs_files\userinterface\debug\pythoncuberenewal.sbr
c:\m2project_1.2\source\binary\vs_files\userinterface\debug\pythoncuberenewal.obj
c:\m2project_1.2\source\binary\vs_files\userinterface\debug\pythongameeventmanagermodule.sbr
c:\m2project_1.2\source\binary\vs_files\userinterface\debug\pythongameeventmanagermodule.obj
c:\m2project_1.2\source\binary\vs_files\userinterface\debug\pythonnetworkstreamcommand.sbr
c:\m2project_1.2\source\binary\vs_files\userinterface\debug\pythonnetworkstreamcommand.obj
c:\m2project_1.2\source\binary\vs_files\userinterface\debug\pythonnonplayermodule.sbr
c:\m2project_1.2\source\binary\vs_files\userinterface\debug\pythonnonplayermodule.obj
c:\m2project_1.2\source\binary\vs_files\userinterface\debug\pythonplayerinputmouse.sbr
c:\m2project_1.2\source\binary\vs_files\userinterface\debug\pythonplayerinputmouse.obj
c:\m2project_1.2\source\binary\vs_files\userinterface\debug\pythonwiki.sbr
c:\m2project_1.2\source\binary\vs_files\userinterface\debug\pythonwiki.obj
c:\m2project_1.2\source\binary\vs_files\userinterface\debug\cameraprocedure.sbr
c:\m2project_1.2\source\binary\vs_files\userinterface\debug\cameraprocedure.obj
c:\m2project_1.2\source\binary\vs_files\userinterface\debug\markmanager.sbr
c:\m2project_1.2\source\binary\vs_files\userinterface\debug\markmanager.obj
c:\m2project_1.2\source\binary\vs_files\userinterface\debug\pythonapplicationlogo.sbr
c:\m2project_1.2\source\binary\vs_files\userinterface\debug\pythonapplicationlogo.obj
c:\m2project_1.2\source\binary\vs_files\userinterface\debug\pythoneffectmodule.sbr
c:\m2project_1.2\source\binary\vs_files\userinterface\debug\pythoneffectmodule.obj
c:\m2project_1.2\source\binary\vs_files\userinterface\debug\pythonimemodule.sbr
c:\m2project_1.2\source\binary\vs_files\userinterface\debug\pythonimemodule.obj
c:\m2project_1.2\source\binary\vs_files\userinterface\debug\pythonnonplayer.sbr
c:\m2project_1.2\source\binary\vs_files\userinterface\debug\pythonnonplayer.obj
c:\m2project_1.2\source\binary\vs_files\userinterface\debug\pythonplayersettingsmodule.sbr
c:\m2project_1.2\source\binary\vs_files\userinterface\debug\pythonplayersettingsmodule.obj
c:\m2project_1.2\source\binary\vs_files\userinterface\debug\gametype.sbr
c:\m2project_1.2\source\binary\vs_files\userinterface\debug\gametype.obj
c:\m2project_1.2\source\binary\vs_files\userinterface\debug\locale.sbr
c:\m2project_1.2\source\binary\vs_files\userinterface\debug\locale.obj
c:\m2project_1.2\source\binary\vs_files\userinterface\debug\pythonbiologmanagermodule.sbr
c:\m2project_1.2\source\binary\vs_files\userinterface\debug\pythonbiologmanagermodule.obj
c:\m2project_1.2\source\binary\vs_files\userinterface\debug\pythonconfig.sbr
c:\m2project_1.2\source\binary\vs_files\userinterface\debug\pythonconfig.obj
c:\m2project_1.2\source\binary\vs_files\userinterface\debug\pythonflymodule.sbr
c:\m2project_1.2\source\binary\vs_files\userinterface\debug\pythonflymodule.obj
c:\m2project_1.2\source\binary\vs_files\userinterface\debug\pythonminimapmodule.sbr
c:\m2project_1.2\source\binary\vs_files\userinterface\debug\pythonminimapmodule.obj
c:\m2project_1.2\source\binary\vs_files\userinterface\debug\pythonnetworkstreamphasegameactor.sbr
c:\m2project_1.2\source\binary\vs_files\userinterface\debug\pythonnetworkstreamphasegameactor.obj
c:\m2project_1.2\source\binary\vs_files\userinterface\debug\pythonsystemmodule.sbr
c:\m2project_1.2\source\binary\vs_files\userinterface\debug\pythonsystemmodule.obj
c:\m2project_1.2\source\binary\vs_files\userinterface\debug\instancebaseevent.sbr
c:\m2project_1.2\source\binary\vs_files\userinterface\debug\instancebaseevent.obj
c:\m2project_1.2\source\binary\vs_files\userinterface\debug\networkactormanager.sbr
c:\m2project_1.2\source\binary\vs_files\userinterface\debug\networkactormanager.obj
c:\m2project_1.2\source\binary\vs_files\userinterface\debug\pythonbiologmanager.sbr
c:\m2project_1.2\source\binary\vs_files\userinterface\debug\pythonbiologmanager.obj
c:\m2project_1.2\source\binary\vs_files\userinterface\debug\pythoncharactermanager.sbr
c:\m2project_1.2\source\binary\vs_files\userinterface\debug\pythonexceptionsender.sbr
c:\m2project_1.2\source\binary\vs_files\userinterface\debug\pythonexceptionsender.obj
c:\m2project_1.2\source\binary\vs_files\userinterface\debug\pythonmessenger.sbr
c:\m2project_1.2\source\binary\vs_files\userinterface\debug\pythonmessenger.obj
c:\m2project_1.2\source\binary\vs_files\userinterface\debug\pythonnetworkstreammodule.sbr
c:\m2project_1.2\source\binary\vs_files\userinterface\debug\pythonnetworkstreammodule.obj
c:\m2project_1.2\source\binary\vs_files\userinterface\debug\pythonplayerinput.sbr
c:\m2project_1.2\source\binary\vs_files\userinterface\debug\pythonplayerinput.obj
c:\m2project_1.2\source\binary\vs_files\userinterface\debug\pythontexttail.sbr
c:\m2project_1.2\source\binary\vs_files\userinterface\debug\pythontexttail.obj
c:\m2project_1.2\source\binary\vs_files\userinterface\debug\instancebasemovement.sbr
c:\m2project_1.2\source\binary\vs_files\userinterface\debug\instancebasemovement.obj
c:\m2project_1.2\source\binary\vs_files\userinterface\debug\pythonacce.sbr
c:\m2project_1.2\source\binary\vs_files\userinterface\debug\pythonacce.obj
c:\m2project_1.2\source\binary\vs_files\userinterface\debug\pythonbackground.sbr
c:\m2project_1.2\source\binary\vs_files\userinterface\debug\pythonbackground.obj
c:\m2project_1.2\source\binary\vs_files\userinterface\debug\pythonchatmodule.sbr
c:\m2project_1.2\source\binary\vs_files\userinterface\debug\pythonchatmodule.obj
c:\m2project_1.2\source\binary\vs_files\userinterface\debug\pythongameeventmanager.sbr
c:\m2project_1.2\source\binary\vs_files\userinterface\debug\pythongameeventmanager.obj
c:\m2project_1.2\source\binary\vs_files\userinterface\debug\pythonmountupgrade.sbr
c:\m2project_1.2\source\binary\vs_files\userinterface\debug\pythonmountupgrade.obj
c:\m2project_1.2\source\binary\vs_files\userinterface\debug\pythonnetworkstreamphaseloading.sbr
c:\m2project_1.2\source\binary\vs_files\userinterface\debug\pythonnetworkstreamphaseloading.obj
c:\m2project_1.2\source\binary\vs_files\userinterface\debug\pythonquest.sbr
c:\m2project_1.2\source\binary\vs_files\userinterface\debug\pythonquest.obj
c:\m2project_1.2\source\binary\vs_files\userinterface\debug\pythonsystem.sbr
c:\m2project_1.2\source\binary\vs_files\userinterface\debug\pythonsystem.obj
c:\m2project_1.2\source\binary\vs_files\userinterface\debug\instancebasemotion.sbr
c:\m2project_1.2\source\binary\vs_files\userinterface\debug\instancebasemotion.obj
c:\m2project_1.2\source\binary\vs_files\userinterface\debug\processcrc.sbr
c:\m2project_1.2\source\binary\vs_files\userinterface\debug\processcrc.obj
c:\m2project_1.2\source\binary\vs_files\userinterface\debug\pythonapplicationprocedure.sbr
c:\m2project_1.2\source\binary\vs_files\userinterface\debug\pythonapplicationprocedure.obj
c:\m2project_1.2\source\binary\vs_files\userinterface\debug\pythondynamicmodulenames.sbr
c:\m2project_1.2\source\binary\vs_files\userinterface\debug\pythondynamicmodulenames.obj
c:\m2project_1.2\source\binary\vs_files\userinterface\debug\pythonguild.sbr
c:\m2project_1.2\source\binary\vs_files\userinterface\debug\pythonguild.obj
c:\m2project_1.2\source\binary\vs_files\userinterface\debug\pythonnetworkstream.sbr
c:\m2project_1.2\source\binary\vs_files\userinterface\debug\pythonnetworkstream.obj
c:\m2project_1.2\source\binary\vs_files\userinterface\debug\pythonnetworkstreamphaseselect.sbr
c:\m2project_1.2\source\binary\vs_files\userinterface\debug\pythonnetworkstreamphaseselect.obj
c:\m2project_1.2\source\binary\vs_files\userinterface\debug\pythonplayereventhandler.sbr
c:\m2project_1.2\source\binary\vs_files\userinterface\debug\pythonplayereventhandler.obj
c:\m2project_1.2\source\binary\vs_files\userinterface\debug\pythonsafebox.sbr
c:\m2project_1.2\source\binary\vs_files\userinterface\debug\pythonsafebox.obj
c:\m2project_1.2\source\binary\vs_files\userinterface\debug\pythontexttailmodule.sbr
c:\m2project_1.2\source\binary\vs_files\userinterface\debug\pythontexttailmodule.obj
c:\m2project_1.2\source\binary\vs_files\userinterface\debug\instancebase.sbr
c:\m2project_1.2\source\binary\vs_files\userinterface\debug\instancebase.obj
c:\m2project_1.2\source\binary\vs_files\userinterface\debug\pythonapplicationcamera.sbr
c:\m2project_1.2\source\binary\vs_files\userinterface\debug\pythonapplicationcamera.obj
c:\m2project_1.2\source\binary\vs_files\userinterface\debug\pythoncharactermodule.sbr
c:\m2project_1.2\source\binary\vs_files\userinterface\debug\pythoncharactermodule.obj
c:\m2project_1.2\source\binary\vs_files\userinterface\debug\pythonexchangemodule.sbr
c:\m2project_1.2\source\binary\vs_files\userinterface\debug\pythonexchangemodule.obj
c:\m2project_1.2\source\binary\vs_files\userinterface\debug\pythonminimap.sbr
c:\m2project_1.2\source\binary\vs_files\userinterface\debug\pythonminimap.obj
c:\m2project_1.2\source\binary\vs_files\userinterface\debug\pythonpackmodule.sbr
c:\m2project_1.2\source\binary\vs_files\userinterface\debug\pythonpackmodule.obj
c:\m2project_1.2\source\binary\vs_files\userinterface\debug\pythonplayermodule.sbr
c:\m2project_1.2\source\binary\vs_files\userinterface\debug\pythonplayermodule.obj
c:\m2project_1.2\source\binary\vs_files\userinterface\debug\serverstatecheckermodule.sbr
c:\m2project_1.2\source\binary\vs_files\userinterface\debug\serverstatecheckermodule.obj
c:\m2project_1.2\source\binary\vs_files\userinterface\debug\instancebaseeffect.sbr
c:\m2project_1.2\source\binary\vs_files\userinterface\debug\instancebaseeffect.obj
c:\m2project_1.2\source\binary\vs_files\userinterface\debug\pythonapplicationmodule.sbr
c:\m2project_1.2\source\binary\vs_files\userinterface\debug\pythonapplicationmodule.obj
c:\m2project_1.2\source\binary\vs_files\userinterface\debug\pythoneventmanager.sbr
c:\m2project_1.2\source\binary\vs_files\userinterface\debug\pythoneventmanager.obj
c:\m2project_1.2\source\binary\vs_files\userinterface\debug\pythonitem.sbr
c:\m2project_1.2\source\binary\vs_files\userinterface\debug\pythonitem.obj
c:\m2project_1.2\source\binary\vs_files\userinterface\debug\pythonnetworkstreamphasegameitem.sbr
c:\m2project_1.2\source\binary\vs_files\userinterface\debug\pythonnetworkstreamphasegameitem.obj
c:\m2project_1.2\source\binary\vs_files\userinterface\debug\pythonplayer.sbr
c:\m2project_1.2\source\binary\vs_files\userinterface\debug\pythonshop.sbr
c:\m2project_1.2\source\binary\vs_files\userinterface\debug\pythonshop.obj
c:\m2project_1.2\source\binary\vs_files\userinterface\debug\serverstatechecker.sbr
c:\m2project_1.2\source\binary\vs_files\userinterface\debug\serverstatechecker.obj
c:\m2project_1.2\source\binary\vs_files\userinterface\debug\instancebasebattle.sbr
c:\m2project_1.2\source\binary\vs_files\userinterface\debug\instancebasebattle.obj
c:\m2project_1.2\source\binary\vs_files\userinterface\debug\processscanner.sbr
c:\m2project_1.2\source\binary\vs_files\userinterface\debug\processscanner.obj
c:\m2project_1.2\source\binary\vs_files\userinterface\debug\pythonbackgroundmodule.sbr
c:\m2project_1.2\source\binary\vs_files\userinterface\debug\pythonbackgroundmodule.obj
c:\m2project_1.2\source\binary\vs_files\userinterface\debug\pythonchat.sbr
c:\m2project_1.2\source\binary\vs_files\userinterface\debug\pythonchat.obj
c:\m2project_1.2\source\binary\vs_files\userinterface\debug\pythonguildranking.sbr
c:\m2project_1.2\source\binary\vs_files\userinterface\debug\pythonguildranking.obj
c:\m2project_1.2\source\binary\vs_files\userinterface\debug\pythonnetworkdatagrammodule.sbr
c:\m2project_1.2\source\binary\vs_files\userinterface\debug\pythonnetworkdatagrammodule.obj
c:\m2project_1.2\source\binary\vs_files\userinterface\debug\pythonnetworkstreamphaselogin.sbr
c:\m2project_1.2\source\binary\vs_files\userinterface\debug\pythonnetworkstreamphaselogin.obj
c:\m2project_1.2\source\binary\vs_files\userinterface\debug\pythonplayerinputkeyboard.sbr
c:\m2project_1.2\source\binary\vs_files\userinterface\debug\pythonplayerinputkeyboard.obj
c:\m2project_1.2\source\binary\vs_files\userinterface\debug\pythonskill.sbr
c:\m2project_1.2\source\binary\vs_files\userinterface\debug\pythonskill.obj
c:\m2project_1.2\source\binary\vs_files\userinterface\debug\affectflagcontainer.sbr
c:\m2project_1.2\source\binary\vs_files\userinterface\debug\affectflagcontainer.obj
c:\m2project_1.2\source\binary\vs_files\userinterface\debug\instancebasetransform.sbr
c:\m2project_1.2\source\binary\vs_files\userinterface\debug\instancebasetransform.obj
c:\m2project_1.2\source\binary\vs_files\userinterface\debug\pythonapplicationwebpage.sbr
c:\m2project_1.2\source\binary\vs_files\userinterface\debug\pythonapplicationwebpage.obj
c:\m2project_1.2\source\binary\vs_files\userinterface\debug\pythoneventmanagermoudle.sbr
c:\m2project_1.2\source\binary\vs_files\userinterface\debug\pythoneventmanagermoudle.obj
c:\m2project_1.2\source\binary\vs_files\userinterface\debug\pythonime.sbr
c:\m2project_1.2\source\binary\vs_files\userinterface\debug\pythonime.obj
c:\m2project_1.2\source\binary\vs_files\userinterface\debug\pythonnetworkstreamevent.sbr
c:\m2project_1.2\source\binary\vs_files\userinterface\debug\pythonnetworkstreamevent.obj
c:\m2project_1.2\source\binary\vs_files\userinterface\debug\pythonnetworkstreamphaseoffline.sbr
c:\m2project_1.2\source\binary\vs_files\userinterface\debug\pythonnetworkstreamphaseoffline.obj
c:\m2project_1.2\source\binary\vs_files\userinterface\debug\pythonrendertargetmodule.sbr
c:\m2project_1.2\source\binary\vs_files\userinterface\debug\pythonrendertargetmodule.obj
c:\m2project_1.2\source\binary\vs_files\userinterface\debug\pythonitemmodule.obj
c:\m2project_1.2\source\binary\vs_files\userinterface\debug\pythonplayerskill.sbr
c:\m2project_1.2\source\binary\vs_files\userinterface\debug\pythonplayerskill.obj
c:\m2project_1.2\source\binary\vs_files\userinterface\debug\pythonplayer.obj
c:\m2project_1.2\source\binary\vs_files\userinterface\debug\pythoncharactermanager.obj
c:\m2project_1.2\source\binary\binary\metin2debug.exe
c:\m2project_1.2\source\binary\vs_files\userinterface\debug\metin2debug.pdb
c:\m2project_1.2\source\binary\vs_files\userinterface\debug\userinterface.res
c:\m2project_1.2\source\binary\binary\metin2debug.lib
c:\m2project_1.2\source\binary\binary\metin2debug.exp
c:\m2project_1.2\source\binary\vs_files\userinterface\debug\userinterface.tlog\bscmake.command.1.tlog
c:\m2project_1.2\source\binary\vs_files\userinterface\debug\userinterface.tlog\bscmake.read.1.tlog
c:\m2project_1.2\source\binary\vs_files\userinterface\debug\userinterface.tlog\bscmake.write.1.tlog
c:\m2project_1.2\source\binary\vs_files\userinterface\debug\userinterface.tlog\cl.command.1.tlog
c:\m2project_1.2\source\binary\vs_files\userinterface\debug\userinterface.tlog\cl.items.tlog
c:\m2project_1.2\source\binary\vs_files\userinterface\debug\userinterface.tlog\cl.read.1.tlog
c:\m2project_1.2\source\binary\vs_files\userinterface\debug\userinterface.tlog\cl.write.1.tlog
c:\m2project_1.2\source\binary\vs_files\userinterface\debug\userinterface.tlog\link.command.1.tlog
c:\m2project_1.2\source\binary\vs_files\userinterface\debug\userinterface.tlog\link.read.1.tlog
c:\m2project_1.2\source\binary\vs_files\userinterface\debug\userinterface.tlog\link.secondary.1.tlog
c:\m2project_1.2\source\binary\vs_files\userinterface\debug\userinterface.tlog\link.write.1.tlog
c:\m2project_1.2\source\binary\vs_files\userinterface\debug\userinterface.tlog\rc.command.1.tlog
c:\m2project_1.2\source\binary\vs_files\userinterface\debug\userinterface.tlog\rc.read.1.tlog
c:\m2project_1.2\source\binary\vs_files\userinterface\debug\userinterface.tlog\rc.write.1.tlog
