c:\m2project_1.2\source\binary\vs_files\gamelib\debug\gamelib.pch
c:\m2project_1.2\source\binary\vs_files\gamelib\debug\gamelib.pdb
c:\m2project_1.2\source\binary\vs_files\gamelib\debug\stdafx.obj
c:\m2project_1.2\source\binary\vs_files\gamelib\debug\actorinstancemotion.obj
c:\m2project_1.2\source\binary\vs_files\gamelib\debug\flytarget.obj
c:\m2project_1.2\source\binary\vs_files\gamelib\debug\flyinginstance.obj
c:\m2project_1.2\source\binary\vs_files\gamelib\debug\monsterareainfo.obj
c:\m2project_1.2\source\binary\vs_files\gamelib\debug\propertymanager.obj
c:\m2project_1.2\source\binary\vs_files\gamelib\debug\actorinstance.obj
c:\m2project_1.2\source\binary\vs_files\gamelib\debug\areaterrain.obj
c:\m2project_1.2\source\binary\vs_files\gamelib\debug\mapmanager.obj
c:\m2project_1.2\source\binary\vs_files\gamelib\debug\mapoutdoorupdate.obj
c:\m2project_1.2\source\binary\vs_files\gamelib\debug\actorinstancecollisiondetection.obj
c:\m2project_1.2\source\binary\vs_files\gamelib\debug\gametype.obj
c:\m2project_1.2\source\binary\vs_files\gamelib\debug\mapoutdoorindexbuffer.obj
c:\m2project_1.2\source\binary\vs_files\gamelib\debug\mapoutdoorwater.obj
c:\m2project_1.2\source\binary\vs_files\gamelib\debug\terrainquadtree.obj
c:\m2project_1.2\source\binary\vs_files\gamelib\debug\weapontrace.obj
c:\m2project_1.2\source\binary\vs_files\gamelib\debug\actorinstancefly.obj
c:\m2project_1.2\source\binary\vs_files\gamelib\debug\flytrace.obj
c:\m2project_1.2\source\binary\vs_files\gamelib\debug\gameeventmanager.obj
c:\m2project_1.2\source\binary\vs_files\gamelib\debug\maptype.obj
c:\m2project_1.2\source\binary\vs_files\gamelib\debug\maputil.obj
c:\m2project_1.2\source\binary\vs_files\gamelib\debug\racedatafile.obj
c:\m2project_1.2\source\binary\vs_files\gamelib\debug\actorinstancedata.obj
c:\m2project_1.2\source\binary\vs_files\gamelib\debug\arealoaderthread.obj
c:\m2project_1.2\source\binary\vs_files\gamelib\debug\gameutil.obj
c:\m2project_1.2\source\binary\vs_files\gamelib\debug\itemdata.obj
c:\m2project_1.2\source\binary\vs_files\gamelib\debug\mapoutdoorrender.obj
c:\m2project_1.2\source\binary\vs_files\gamelib\debug\racemanager.obj
c:\m2project_1.2\source\binary\vs_files\gamelib\debug\actorinstancerender.obj
c:\m2project_1.2\source\binary\vs_files\gamelib\debug\flyingobjectmanager.obj
c:\m2project_1.2\source\binary\vs_files\gamelib\debug\physicsobject.obj
c:\m2project_1.2\source\binary\vs_files\gamelib\debug\propertyloader.obj
c:\m2project_1.2\source\binary\vs_files\gamelib\debug\terraindecal.obj
c:\m2project_1.2\source\binary\vs_files\gamelib\debug\actorinstanceposition.obj
c:\m2project_1.2\source\binary\vs_files\gamelib\debug\actorinstancerotation.obj
c:\m2project_1.2\source\binary\vs_files\gamelib\debug\mapoutdoorcharactershadow.obj
c:\m2project_1.2\source\binary\vs_files\gamelib\debug\mapoutdoorrenderstp.obj
c:\m2project_1.2\source\binary\vs_files\gamelib\debug\snowparticle.obj
c:\m2project_1.2\source\binary\vs_files\gamelib\debug\actorinstanceevent.obj
c:\m2project_1.2\source\binary\vs_files\gamelib\debug\actorinstancesync.obj
c:\m2project_1.2\source\binary\vs_files\gamelib\debug\mapoutdoorload.obj
c:\m2project_1.2\source\binary\vs_files\gamelib\debug\racedata.obj
c:\m2project_1.2\source\binary\vs_files\gamelib\debug\actorinstancemotionevent.obj
c:\m2project_1.2\source\binary\vs_files\gamelib\debug\dungeonblock.obj
c:\m2project_1.2\source\binary\vs_files\gamelib\debug\flyingdata.obj
c:\m2project_1.2\source\binary\vs_files\gamelib\debug\mapbase.obj
c:\m2project_1.2\source\binary\vs_files\gamelib\debug\mapoutdoor.obj
c:\m2project_1.2\source\binary\vs_files\gamelib\debug\racemotiondata.obj
c:\m2project_1.2\source\binary\vs_files\gamelib\debug\actorinstanceblend.obj
c:\m2project_1.2\source\binary\vs_files\gamelib\debug\actorinstanceweapontrace.obj
c:\m2project_1.2\source\binary\vs_files\gamelib\debug\mapoutdoorrenderhtp.obj
c:\m2project_1.2\source\binary\vs_files\gamelib\debug\snowenvironment.obj
c:\m2project_1.2\source\binary\vs_files\gamelib\debug\actorinstancebattle.obj
c:\m2project_1.2\source\binary\vs_files\gamelib\debug\itemmanager.obj
c:\m2project_1.2\source\binary\vs_files\gamelib\debug\mapoutdoorquadtree.obj
c:\m2project_1.2\source\binary\vs_files\gamelib\debug\property.obj
c:\m2project_1.2\source\binary\vs_files\gamelib\debug\terrainpatch.obj
c:\m2project_1.2\source\binary\vs_files\gamelib\debug\actorinstanceattach.obj
c:\m2project_1.2\source\binary\vs_files\gamelib\debug\area.obj
c:\m2project_1.2\source\binary\vs_files\gamelib\debug\gamelib.lib
c:\m2project_1.2\source\binary\vs_files\gamelib\debug\gamelib.tlog\cl.command.1.tlog
c:\m2project_1.2\source\binary\vs_files\gamelib\debug\gamelib.tlog\cl.items.tlog
c:\m2project_1.2\source\binary\vs_files\gamelib\debug\gamelib.tlog\cl.read.1.tlog
c:\m2project_1.2\source\binary\vs_files\gamelib\debug\gamelib.tlog\cl.write.1.tlog
c:\m2project_1.2\source\binary\vs_files\gamelib\debug\gamelib.tlog\lib-link.read.1.tlog
c:\m2project_1.2\source\binary\vs_files\gamelib\debug\gamelib.tlog\lib-link.write.1.tlog
c:\m2project_1.2\source\binary\vs_files\gamelib\debug\gamelib.tlog\lib.command.1.tlog
