c:\m2project_1.2\source\binary\vs_files\mileslib\debug\mileslib.pch
c:\m2project_1.2\source\binary\vs_files\mileslib\debug\mileslib.pdb
c:\m2project_1.2\source\binary\vs_files\mileslib\debug\stdafx.obj
c:\m2project_1.2\source\binary\vs_files\mileslib\debug\type.obj
c:\m2project_1.2\source\binary\vs_files\mileslib\debug\soundinstance3d.obj
c:\m2project_1.2\source\binary\vs_files\mileslib\debug\soundmanager2d.obj
c:\m2project_1.2\source\binary\vs_files\mileslib\debug\soundinstance2d.obj
c:\m2project_1.2\source\binary\vs_files\mileslib\debug\soundmanager3d.obj
c:\m2project_1.2\source\binary\vs_files\mileslib\debug\sounddata.obj
c:\m2project_1.2\source\binary\vs_files\mileslib\debug\soundmanager.obj
c:\m2project_1.2\source\binary\vs_files\mileslib\debug\soundmanagerstream.obj
c:\m2project_1.2\source\binary\vs_files\mileslib\debug\soundbase.obj
c:\m2project_1.2\source\binary\vs_files\mileslib\debug\soundinstancestream.obj
c:\m2project_1.2\source\binary\vs_files\mileslib\debug\mileslib.lib
c:\m2project_1.2\source\binary\vs_files\mileslib\debug\mileslib.tlog\cl.command.1.tlog
c:\m2project_1.2\source\binary\vs_files\mileslib\debug\mileslib.tlog\cl.items.tlog
c:\m2project_1.2\source\binary\vs_files\mileslib\debug\mileslib.tlog\cl.read.1.tlog
c:\m2project_1.2\source\binary\vs_files\mileslib\debug\mileslib.tlog\cl.write.1.tlog
c:\m2project_1.2\source\binary\vs_files\mileslib\debug\mileslib.tlog\lib-link.read.1.tlog
c:\m2project_1.2\source\binary\vs_files\mileslib\debug\mileslib.tlog\lib-link.write.1.tlog
c:\m2project_1.2\source\binary\vs_files\mileslib\debug\mileslib.tlog\lib.command.1.tlog
